<?xml version="1.0" encoding="UTF-8"?>
<testng-results ignored="0" total="1" passed="1" failed="0" skipped="0">
  <reporter-output>
  </reporter-output>
  <suite started-at="2025-03-13T16:45:21 IST" name="Default suite" finished-at="2025-03-13T16:45:58 IST" duration-ms="37041">
    <groups>
    </groups>
    <test started-at="2025-03-13T16:45:21 IST" name="Default test" finished-at="2025-03-13T16:45:58 IST" duration-ms="37041">
      <class name="com.amazon.testcases.AmazonTest">
        <test-method is-config="true" signature="setupSuite()[pri:0, instance:com.amazon.testcases.AmazonTest@1a245833]" started-at="2025-03-13T16:45:20 IST" name="setupSuite" finished-at="2025-03-13T16:45:21 IST" duration-ms="538" status="PASS">
          <reporter-output>
          </reporter-output>
        </test-method> <!-- setupSuite -->
        <test-method is-config="true" signature="setupClass(java.lang.String)[pri:0, instance:com.amazon.testcases.AmazonTest@1a245833]" started-at="2025-03-13T16:45:21 IST" name="setupClass" finished-at="2025-03-13T16:45:22 IST" duration-ms="1326" status="PASS">
          <params>
            <param index="0">
              <value>
                <![CDATA[chrome]]>
              </value>
            </param>
          </params>
          <reporter-output>
          </reporter-output>
        </test-method> <!-- setupClass -->
        <test-method is-config="true" signature="setupMethod()[pri:0, instance:com.amazon.testcases.AmazonTest@1a245833]" started-at="2025-03-13T16:45:22 IST" name="setupMethod" finished-at="2025-03-13T16:45:25 IST" duration-ms="2462" status="PASS">
          <reporter-output>
          </reporter-output>
        </test-method> <!-- setupMethod -->
        <test-method signature="amazonE2ETest()[pri:0, instance:com.amazon.testcases.AmazonTest@1a245833]" started-at="2025-03-13T16:45:25 IST" name="amazonE2ETest" description="Amazon E-Commerce End-to-End Test" finished-at="2025-03-13T16:45:58 IST" duration-ms="32931" status="PASS">
          <reporter-output>
          </reporter-output>
        </test-method> <!-- amazonE2ETest -->
        <test-method is-config="true" signature="teardownMethod()[pri:0, instance:com.amazon.testcases.AmazonTest@1a245833]" started-at="2025-03-13T16:45:58 IST" name="teardownMethod" finished-at="2025-03-13T16:45:58 IST" duration-ms="1" status="PASS">
          <reporter-output>
          </reporter-output>
        </test-method> <!-- teardownMethod -->
        <test-method is-config="true" signature="teardownClass()[pri:0, instance:com.amazon.testcases.AmazonTest@1a245833]" started-at="2025-03-13T16:45:58 IST" name="teardownClass" finished-at="2025-03-13T16:45:58 IST" duration-ms="285" status="PASS">
          <reporter-output>
          </reporter-output>
        </test-method> <!-- teardownClass -->
        <test-method is-config="true" signature="teardownSuite()[pri:0, instance:com.amazon.testcases.AmazonTest@1a245833]" started-at="2025-03-13T16:45:58 IST" name="teardownSuite" finished-at="2025-03-13T16:45:58 IST" duration-ms="208" status="PASS">
          <reporter-output>
          </reporter-output>
        </test-method> <!-- teardownSuite -->
      </class> <!-- com.amazon.testcases.AmazonTest -->
    </test> <!-- Default test -->
  </suite> <!-- Default suite -->
</testng-results>
